

Started GET "/movies" for 127.0.0.1 at 2016-04-12 20:19:47 -0400

ActiveRecord::PendingMigrationError (

Migrations are pending. To resolve this issue, run:

	bin/rake db:migrate RAILS_ENV=development

):
  activerecord (4.1.9) lib/active_record/migration.rb:389:in `check_pending!'
  activerecord (4.1.9) lib/active_record/migration.rb:377:in `call'
  actionpack (4.1.9) lib/action_dispatch/middleware/callbacks.rb:29:in `block in call'
  activesupport (4.1.9) lib/active_support/callbacks.rb:82:in `run_callbacks'
  actionpack (4.1.9) lib/action_dispatch/middleware/callbacks.rb:27:in `call'
  actionpack (4.1.9) lib/action_dispatch/middleware/reloader.rb:73:in `call'
  actionpack (4.1.9) lib/action_dispatch/middleware/remote_ip.rb:76:in `call'
  actionpack (4.1.9) lib/action_dispatch/middleware/debug_exceptions.rb:17:in `call'
  actionpack (4.1.9) lib/action_dispatch/middleware/show_exceptions.rb:30:in `call'
  railties (4.1.9) lib/rails/rack/logger.rb:38:in `call_app'
  railties (4.1.9) lib/rails/rack/logger.rb:20:in `block in call'
  activesupport (4.1.9) lib/active_support/tagged_logging.rb:68:in `block in tagged'
  activesupport (4.1.9) lib/active_support/tagged_logging.rb:26:in `tagged'
  activesupport (4.1.9) lib/active_support/tagged_logging.rb:68:in `tagged'
  railties (4.1.9) lib/rails/rack/logger.rb:20:in `call'
  actionpack (4.1.9) lib/action_dispatch/middleware/request_id.rb:21:in `call'
  rack (1.5.5) lib/rack/methodoverride.rb:21:in `call'
  rack (1.5.5) lib/rack/runtime.rb:17:in `call'
  activesupport (4.1.9) lib/active_support/cache/strategy/local_cache_middleware.rb:26:in `call'
  rack (1.5.5) lib/rack/lock.rb:17:in `call'
  actionpack (4.1.9) lib/action_dispatch/middleware/static.rb:84:in `call'
  rack (1.5.5) lib/rack/sendfile.rb:112:in `call'
  railties (4.1.9) lib/rails/engine.rb:514:in `call'
  railties (4.1.9) lib/rails/application.rb:144:in `call'
  rack (1.5.5) lib/rack/lock.rb:17:in `call'
  rack (1.5.5) lib/rack/content_length.rb:14:in `call'
  rack (1.5.5) lib/rack/handler/webrick.rb:60:in `service'
  /Users/ruby_shenanigans/.rvm/rubies/ruby-2.3.0/lib/ruby/2.3.0/webrick/httpserver.rb:140:in `service'
  /Users/ruby_shenanigans/.rvm/rubies/ruby-2.3.0/lib/ruby/2.3.0/webrick/httpserver.rb:96:in `run'
  /Users/ruby_shenanigans/.rvm/rubies/ruby-2.3.0/lib/ruby/2.3.0/webrick/server.rb:296:in `block in start_thread'


  Rendered /Users/ruby_shenanigans/.rvm/gems/ruby-2.3.0/gems/actionpack-4.1.9/lib/action_dispatch/middleware/templates/rescues/_source.erb (0.8ms)
  Rendered /Users/ruby_shenanigans/.rvm/gems/ruby-2.3.0/gems/actionpack-4.1.9/lib/action_dispatch/middleware/templates/rescues/_trace.html.erb (1.3ms)
  Rendered /Users/ruby_shenanigans/.rvm/gems/ruby-2.3.0/gems/actionpack-4.1.9/lib/action_dispatch/middleware/templates/rescues/_request_and_response.html.erb (1.1ms)
  Rendered /Users/ruby_shenanigans/.rvm/gems/ruby-2.3.0/gems/actionpack-4.1.9/lib/action_dispatch/middleware/templates/rescues/diagnostics.erb within rescues/layout (84.9ms)
  [1m[36m (2.5ms)[0m  [1mCREATE TABLE "schema_migrations" ("version" varchar(255) NOT NULL) [0m
  [1m[35m (0.1ms)[0m  select sqlite_version(*)
  [1m[36m (1.1ms)[0m  [1mCREATE UNIQUE INDEX "unique_schema_migrations" ON "schema_migrations" ("version")[0m
  [1m[35mActiveRecord::SchemaMigration Load (0.1ms)[0m  SELECT "schema_migrations".* FROM "schema_migrations"
Migrating to CreateMovies (20121121163535)
  [1m[36m (0.1ms)[0m  [1mbegin transaction[0m
  [1m[35m (0.4ms)[0m  CREATE TABLE "movies" ("id" INTEGER PRIMARY KEY AUTOINCREMENT NOT NULL, "title" varchar(255), "rating" varchar(255), "total_gross" decimal, "created_at" datetime, "updated_at" datetime) 
  [1m[36mSQL (0.2ms)[0m  [1mINSERT INTO "schema_migrations" ("version") VALUES (?)[0m  [["version", "20121121163535"]]
  [1m[35m (1.3ms)[0m  commit transaction
Migrating to AddFieldsToMovies (20121121180707)
  [1m[36m (0.1ms)[0m  [1mbegin transaction[0m
  [1m[35m (0.3ms)[0m  ALTER TABLE "movies" ADD "description" text
  [1m[36m (0.1ms)[0m  [1mALTER TABLE "movies" ADD "released_on" date[0m
  [1m[35mSQL (0.1ms)[0m  INSERT INTO "schema_migrations" ("version") VALUES (?)  [["version", "20121121180707"]]
  [1m[36m (1.2ms)[0m  [1mcommit transaction[0m
Migrating to AddMoreFieldsToMovies (20121210234158)
  [1m[35m (0.1ms)[0m  begin transaction
  [1m[36m (0.4ms)[0m  [1mALTER TABLE "movies" ADD "cast" varchar(255)[0m
  [1m[35m (0.1ms)[0m  ALTER TABLE "movies" ADD "director" varchar(255)
  [1m[36m (0.1ms)[0m  [1mALTER TABLE "movies" ADD "duration" varchar(255)[0m
  [1m[35m (0.1ms)[0m  ALTER TABLE "movies" ADD "image_file_name" varchar(255)
  [1m[36mSQL (0.2ms)[0m  [1mINSERT INTO "schema_migrations" ("version") VALUES (?)[0m  [["version", "20121210234158"]]
  [1m[35m (1.3ms)[0m  commit transaction
Migrating to CreateReviews (20121217184756)
  [1m[36m (0.1ms)[0m  [1mbegin transaction[0m
  [1m[35m (0.4ms)[0m  CREATE TABLE "reviews" ("id" INTEGER PRIMARY KEY AUTOINCREMENT NOT NULL, "name" varchar(255), "stars" integer, "comment" text, "movie_id" integer, "created_at" datetime, "updated_at" datetime) 
  [1m[36m (0.3ms)[0m  [1mCREATE  INDEX "index_reviews_on_movie_id" ON "reviews" ("movie_id")[0m
  [1m[35mSQL (0.1ms)[0m  INSERT INTO "schema_migrations" ("version") VALUES (?)  [["version", "20121217184756"]]
  [1m[36m (1.5ms)[0m  [1mcommit transaction[0m
  [1m[35mActiveRecord::SchemaMigration Load (0.1ms)[0m  SELECT "schema_migrations".* FROM "schema_migrations"
  [1m[36m (0.1ms)[0m  [1m            SELECT sql
            FROM sqlite_master
            WHERE name='index_reviews_on_movie_id' AND type='index'
            UNION ALL
            SELECT sql
            FROM sqlite_temp_master
            WHERE name='index_reviews_on_movie_id' AND type='index'
[0m


Started GET "/movies" for 127.0.0.1 at 2016-04-12 20:21:01 -0400
  [1m[36mActiveRecord::SchemaMigration Load (0.1ms)[0m  [1mSELECT "schema_migrations".* FROM "schema_migrations"[0m
Processing by MoviesController#index as HTML
  [1m[35mMovie Load (0.2ms)[0m  SELECT "movies".* FROM "movies"  WHERE (released_on <= '2016-04-13 00:21:01.237904')  ORDER BY released_on desc
  Rendered movies/index.html.erb within layouts/application (4.2ms)
  Rendered layouts/_header.html.erb (1.6ms)
  Rendered layouts/_flashes.html.erb (1.0ms)
  Rendered layouts/_sidebar.html.erb (1.1ms)
  Rendered layouts/_footer.html.erb (0.6ms)
Completed 200 OK in 2066ms (Views: 2044.0ms | ActiveRecord: 0.2ms)


Started GET "/assets/application.css?body=1" for 127.0.0.1 at 2016-04-12 20:21:03 -0400


Started GET "/assets/normalize.css?body=1" for 127.0.0.1 at 2016-04-12 20:21:03 -0400


Started GET "/assets/layout.css?body=1" for 127.0.0.1 at 2016-04-12 20:21:03 -0400


Started GET "/assets/forms.css?body=1" for 127.0.0.1 at 2016-04-12 20:21:03 -0400


Started GET "/assets/buttons.css?body=1" for 127.0.0.1 at 2016-04-12 20:21:03 -0400


Started GET "/assets/elements.css?body=1" for 127.0.0.1 at 2016-04-12 20:21:03 -0400


Started GET "/assets/movies.css?body=1" for 127.0.0.1 at 2016-04-12 20:21:03 -0400


Started GET "/assets/jquery_ujs.js?body=1" for 127.0.0.1 at 2016-04-12 20:21:03 -0400


Started GET "/assets/movies.js?body=1" for 127.0.0.1 at 2016-04-12 20:21:03 -0400


Started GET "/assets/jquery.js?body=1" for 127.0.0.1 at 2016-04-12 20:21:03 -0400


Started GET "/assets/turbolinks.js?body=1" for 127.0.0.1 at 2016-04-12 20:21:03 -0400


Started GET "/assets/reviews.js?body=1" for 127.0.0.1 at 2016-04-12 20:21:03 -0400


Started GET "/assets/application.js?body=1" for 127.0.0.1 at 2016-04-12 20:21:03 -0400


Started GET "/assets/arrow.png" for 127.0.0.1 at 2016-04-12 20:21:03 -0400


Started GET "/assets/add.png" for 127.0.0.1 at 2016-04-12 20:21:03 -0400


Started GET "/assets/logo.png" for 127.0.0.1 at 2016-04-12 20:21:03 -0400


Started GET "/assets/background.jpg" for 127.0.0.1 at 2016-04-12 20:21:03 -0400
  [1m[36mActiveRecord::SchemaMigration Load (0.1ms)[0m  [1mSELECT "schema_migrations".* FROM "schema_migrations"[0m
  [1m[35m (0.1ms)[0m  begin transaction
  [1m[36mSQL (0.5ms)[0m  [1mINSERT INTO "movies" ("cast", "created_at", "description", "director", "duration", "image_file_name", "rating", "released_on", "title", "total_gross", "updated_at") VALUES (?, ?, ?, ?, ?, ?, ?, ?, ?, ?, ?)[0m  [["cast", "Robert Downey Jr., Gwyneth Paltrow and Terrence Howard"], ["created_at", "2016-04-13 00:24:08.194016"], ["description", "When wealthy industrialist Tony Stark is forced to build an armored suit after a life-threatening incident, he ultimately decides to use its technology to fight against evil."], ["director", "Jon Favreau"], ["duration", "126 min"], ["image_file_name", "ironman.jpg"], ["rating", "PG-13"], ["released_on", "2008-05-02"], ["title", "Iron Man"], ["total_gross", 318412101.0], ["updated_at", "2016-04-13 00:24:08.194016"]]
  [1m[35m (3.6ms)[0m  commit transaction
  [1m[36m (0.1ms)[0m  [1mbegin transaction[0m
  [1m[35mSQL (0.6ms)[0m  INSERT INTO "movies" ("cast", "created_at", "description", "director", "duration", "image_file_name", "rating", "released_on", "title", "total_gross", "updated_at") VALUES (?, ?, ?, ?, ?, ?, ?, ?, ?, ?, ?)  [["cast", "Christopher Reeve, Margot Kidder and Gene Hackman"], ["created_at", "2016-04-13 00:24:08.203228"], ["description", "An alien orphan is sent from his dying planet to Earth, where he grows up to become his adoptive home's first and greatest super-hero."], ["director", "Richard Donner"], ["duration", "143 min"], ["image_file_name", "superman.jpg"], ["rating", "PG"], ["released_on", "1978-12-15"], ["title", "Superman"], ["total_gross", 134218018.0], ["updated_at", "2016-04-13 00:24:08.203228"]]
  [1m[36m (1.5ms)[0m  [1mcommit transaction[0m
  [1m[35m (0.1ms)[0m  begin transaction
  [1m[36mSQL (0.3ms)[0m  [1mINSERT INTO "movies" ("cast", "created_at", "description", "director", "duration", "image_file_name", "rating", "released_on", "title", "total_gross", "updated_at") VALUES (?, ?, ?, ?, ?, ?, ?, ?, ?, ?, ?)[0m  [["cast", "Tobey Maguire, Kirsten Dunst and Willem Dafoe"], ["created_at", "2016-04-13 00:24:08.208620"], ["description", "When bitten by a genetically modified spider, a nerdy, shy, and awkward high school student gains spider-like abilities that he eventually must use to fight evil as a superhero after tragedy befalls his family."], ["director", "Sam Raimi"], ["duration", "121 min"], ["image_file_name", "spiderman.jpg"], ["rating", "PG-13"], ["released_on", "2002-05-03"], ["title", "Spider-Man"], ["total_gross", 403706375.0], ["updated_at", "2016-04-13 00:24:08.208620"]]
  [1m[35m (1.4ms)[0m  commit transaction
  [1m[36m (0.1ms)[0m  [1mbegin transaction[0m
  [1m[35mSQL (0.3ms)[0m  INSERT INTO "movies" ("cast", "created_at", "description", "director", "duration", "image_file_name", "rating", "released_on", "title", "total_gross", "updated_at") VALUES (?, ?, ?, ?, ?, ?, ?, ?, ?, ?, ?)  [["cast", "Michael Keaton, Jack Nicholson and Kim Basinger"], ["created_at", "2016-04-13 00:24:08.212199"], ["description", "The Dark Knight of Gotham City begins his war on crime with his first major enemy being the clownishly homicidal Joker."], ["director", "Tim Burton"], ["duration", "126 min"], ["image_file_name", "batman.jpg"], ["rating", "PG-13"], ["released_on", "1989-06-23"], ["title", "Batman"], ["total_gross", 251188924.0], ["updated_at", "2016-04-13 00:24:08.212199"]]
  [1m[36m (1.3ms)[0m  [1mcommit transaction[0m
  [1m[35m (0.1ms)[0m  begin transaction
  [1m[36mSQL (0.3ms)[0m  [1mINSERT INTO "movies" ("cast", "created_at", "description", "director", "duration", "image_file_name", "rating", "released_on", "title", "total_gross", "updated_at") VALUES (?, ?, ?, ?, ?, ?, ?, ?, ?, ?, ?)[0m  [["cast", "Halle Berry, Sharon Stone and Benjamin Bratt"], ["created_at", "2016-04-13 00:24:08.215800"], ["description", "Patience Philips seems destined to spend her life apologizing for taking up space. Despite her artistic ability&mdash;she has a more than respectable career as a graphic designer."], ["director", "Jean-Christophe 'Pitof' Comar"], ["duration", "101 min"], ["image_file_name", "catwoman.jpg"], ["rating", "PG-13"], ["released_on", "2004-07-23"], ["title", "Catwoman"], ["total_gross", 40200000.0], ["updated_at", "2016-04-13 00:24:08.215800"]]
  [1m[35m (1.3ms)[0m  commit transaction
  [1m[36m (0.1ms)[0m  [1mbegin transaction[0m
  [1m[35mSQL (0.3ms)[0m  INSERT INTO "movies" ("cast", "created_at", "description", "director", "duration", "image_file_name", "rating", "released_on", "title", "total_gross", "updated_at") VALUES (?, ?, ?, ?, ?, ?, ?, ?, ?, ?, ?)  [["cast", "Bruce Wayne, Gojira"], ["created_at", "2016-04-13 00:24:08.219300"], ["description", "An epic battle between The Caped Crusader and the fire-breathing dinosaur Gojira. Hang on to your popcorn, kids!"], ["director", "Ishiro Honda"], ["duration", "211 min"], ["image_file_name", "batman-vs-godzilla.jpg"], ["rating", "PG-13"], ["released_on", "2016-04-23"], ["title", "Batman vs. Godzilla"], ["total_gross", 387623910.0], ["updated_at", "2016-04-13 00:24:08.219300"]]
  [1m[36m (1.1ms)[0m  [1mcommit transaction[0m
  [1m[35mMovie Load (0.2ms)[0m  SELECT  "movies".* FROM "movies"  WHERE "movies"."title" = 'Iron Man' LIMIT 1
  [1m[36m (0.1ms)[0m  [1mbegin transaction[0m
  [1m[35mSQL (0.4ms)[0m  INSERT INTO "reviews" ("comment", "created_at", "movie_id", "name", "stars", "updated_at") VALUES (?, ?, ?, ?, ?, ?)  [["comment", "I laughed, I cried, I spilled my popcorn!"], ["created_at", "2016-04-13 00:24:08.269582"], ["movie_id", 1], ["name", "Roger Ebert"], ["stars", 3], ["updated_at", "2016-04-13 00:24:08.269582"]]
  [1m[36m (1.4ms)[0m  [1mcommit transaction[0m
  [1m[35m (0.1ms)[0m  begin transaction
  [1m[36mSQL (0.3ms)[0m  [1mINSERT INTO "reviews" ("comment", "created_at", "movie_id", "name", "stars", "updated_at") VALUES (?, ?, ?, ?, ?, ?)[0m  [["comment", "I'm a better reviewer than he is."], ["created_at", "2016-04-13 00:24:08.273477"], ["movie_id", 1], ["name", "Gene Siskel"], ["stars", 5], ["updated_at", "2016-04-13 00:24:08.273477"]]
  [1m[35m (1.6ms)[0m  commit transaction
  [1m[36m (0.1ms)[0m  [1mbegin transaction[0m
  [1m[35mSQL (0.3ms)[0m  INSERT INTO "reviews" ("comment", "created_at", "movie_id", "name", "stars", "updated_at") VALUES (?, ?, ?, ?, ?, ?)  [["comment", "It's been years since a movie superhero was this fierce and this funny."], ["created_at", "2016-04-13 00:24:08.277284"], ["movie_id", 1], ["name", "Peter Travers"], ["stars", 4], ["updated_at", "2016-04-13 00:24:08.277284"]]
  [1m[36m (1.5ms)[0m  [1mcommit transaction[0m
  [1m[35mMovie Load (0.2ms)[0m  SELECT  "movies".* FROM "movies"  WHERE "movies"."title" = 'Superman' LIMIT 1
  [1m[36m (0.0ms)[0m  [1mbegin transaction[0m
  [1m[35mSQL (0.3ms)[0m  INSERT INTO "reviews" ("comment", "created_at", "movie_id", "name", "stars", "updated_at") VALUES (?, ?, ?, ?, ?, ?)  [["comment", "It's a bird, it's a plane, it's a blockbuster!"], ["created_at", "2016-04-13 00:24:08.282084"], ["movie_id", 2], ["name", "Elvis Mitchell"], ["stars", 5], ["updated_at", "2016-04-13 00:24:08.282084"]]
  [1m[36m (1.5ms)[0m  [1mcommit transaction[0m


Started GET "/movies" for 127.0.0.1 at 2016-04-12 20:24:15 -0400
  [1m[36mActiveRecord::SchemaMigration Load (0.1ms)[0m  [1mSELECT "schema_migrations".* FROM "schema_migrations"[0m
Processing by MoviesController#index as HTML
  [1m[35mMovie Load (0.4ms)[0m  SELECT "movies".* FROM "movies"  WHERE (released_on <= '2016-04-13 00:24:15.710242')  ORDER BY released_on desc
  Rendered movies/index.html.erb within layouts/application (98.4ms)
  Rendered layouts/_header.html.erb (0.5ms)
  Rendered layouts/_flashes.html.erb (0.4ms)
  Rendered layouts/_sidebar.html.erb (0.5ms)
  Rendered layouts/_footer.html.erb (0.3ms)
Completed 200 OK in 258ms (Views: 235.9ms | ActiveRecord: 0.8ms)


Started GET "/assets/application.css?body=1" for 127.0.0.1 at 2016-04-12 20:24:15 -0400


Started GET "/assets/layout.css?body=1" for 127.0.0.1 at 2016-04-12 20:24:16 -0400


Started GET "/assets/normalize.css?body=1" for 127.0.0.1 at 2016-04-12 20:24:16 -0400


Started GET "/assets/elements.css?body=1" for 127.0.0.1 at 2016-04-12 20:24:16 -0400


Started GET "/assets/movies.css?body=1" for 127.0.0.1 at 2016-04-12 20:24:16 -0400


Started GET "/assets/jquery_ujs.js?body=1" for 127.0.0.1 at 2016-04-12 20:24:16 -0400


Started GET "/assets/forms.css?body=1" for 127.0.0.1 at 2016-04-12 20:24:16 -0400


Started GET "/assets/application.js?body=1" for 127.0.0.1 at 2016-04-12 20:24:16 -0400


Started GET "/assets/movies.js?body=1" for 127.0.0.1 at 2016-04-12 20:24:16 -0400


Started GET "/assets/turbolinks.js?body=1" for 127.0.0.1 at 2016-04-12 20:24:16 -0400


Started GET "/assets/buttons.css?body=1" for 127.0.0.1 at 2016-04-12 20:24:16 -0400


Started GET "/assets/jquery.js?body=1" for 127.0.0.1 at 2016-04-12 20:24:16 -0400


Started GET "/assets/reviews.js?body=1" for 127.0.0.1 at 2016-04-12 20:24:16 -0400


Started GET "/assets/catwoman.jpg" for 127.0.0.1 at 2016-04-12 20:24:16 -0400


Started GET "/assets/spiderman.jpg" for 127.0.0.1 at 2016-04-12 20:24:16 -0400


Started GET "/assets/batman.jpg" for 127.0.0.1 at 2016-04-12 20:24:16 -0400


Started GET "/assets/background.jpg" for 127.0.0.1 at 2016-04-12 20:24:16 -0400


Started GET "/assets/ironman.jpg" for 127.0.0.1 at 2016-04-12 20:24:16 -0400


Started GET "/assets/superman.jpg" for 127.0.0.1 at 2016-04-12 20:24:16 -0400


Started GET "/assets/logo.png" for 127.0.0.1 at 2016-04-12 20:24:16 -0400


Started GET "/assets/add.png" for 127.0.0.1 at 2016-04-12 20:24:16 -0400


Started GET "/assets/arrow.png" for 127.0.0.1 at 2016-04-12 20:24:16 -0400


Started GET "/movies" for 127.0.0.1 at 2016-04-12 20:24:22 -0400
Processing by MoviesController#index as HTML
  [1m[36mMovie Load (0.4ms)[0m  [1mSELECT "movies".* FROM "movies"  WHERE (released_on <= '2016-04-13 00:24:22.140788')  ORDER BY released_on desc[0m
  Rendered movies/index.html.erb within layouts/application (5.2ms)
  Rendered layouts/_header.html.erb (0.8ms)
  Rendered layouts/_flashes.html.erb (0.4ms)
  Rendered layouts/_sidebar.html.erb (0.5ms)
  Rendered layouts/_footer.html.erb (0.5ms)
Completed 200 OK in 97ms (Views: 95.5ms | ActiveRecord: 0.4ms)


Started GET "/assets/catwoman.jpg" for 127.0.0.1 at 2016-04-12 20:24:22 -0400


Started GET "/assets/spiderman.jpg" for 127.0.0.1 at 2016-04-12 20:24:22 -0400


Started GET "/assets/batman.jpg" for 127.0.0.1 at 2016-04-12 20:24:22 -0400


Started GET "/assets/superman.jpg" for 127.0.0.1 at 2016-04-12 20:24:22 -0400


Started GET "/assets/ironman.jpg" for 127.0.0.1 at 2016-04-12 20:24:22 -0400


Started GET "/movies/1" for 127.0.0.1 at 2016-04-12 20:24:23 -0400
Processing by MoviesController#show as HTML
  Parameters: {"id"=>"1"}
  [1m[35mMovie Load (0.2ms)[0m  SELECT  "movies".* FROM "movies"  WHERE "movies"."id" = ? LIMIT 1  [["id", 1]]
  [1m[36m (0.2ms)[0m  [1mSELECT AVG("reviews"."stars") AS avg_id FROM "reviews"  WHERE "reviews"."movie_id" = ?[0m  [["movie_id", 1]]
  [1m[35mCACHE (0.0ms)[0m  SELECT AVG("reviews"."stars") AS avg_id FROM "reviews"  WHERE "reviews"."movie_id" = ?  [["movie_id", 1]]
  [1m[36mReview Exists (0.2ms)[0m  [1mSELECT  1 AS one FROM "reviews"  WHERE "reviews"."movie_id" = ? LIMIT 1[0m  [["movie_id", 1]]
  [1m[35mReview Load (0.2ms)[0m  SELECT  "reviews".* FROM "reviews"  WHERE "reviews"."movie_id" = ?  ORDER BY created_at desc LIMIT 2  [["movie_id", 1]]
  [1m[36m (0.2ms)[0m  [1mSELECT COUNT(*) FROM "reviews"  WHERE "reviews"."movie_id" = ?[0m  [["movie_id", 1]]
  Rendered movies/show.html.erb within layouts/application (72.9ms)
  Rendered layouts/_header.html.erb (0.1ms)
  Rendered layouts/_flashes.html.erb (0.1ms)
  Rendered layouts/_sidebar.html.erb (0.3ms)
  Rendered layouts/_footer.html.erb (0.1ms)
Completed 200 OK in 154ms (Views: 150.3ms | ActiveRecord: 1.5ms)


Started GET "/assets/ironman.jpg" for 127.0.0.1 at 2016-04-12 20:24:24 -0400


Started GET "/movies/1/reviews" for 127.0.0.1 at 2016-04-12 20:24:30 -0400
Processing by ReviewsController#index as HTML
  Parameters: {"movie_id"=>"1"}
  [1m[35mMovie Load (0.1ms)[0m  SELECT  "movies".* FROM "movies"  WHERE "movies"."id" = ? LIMIT 1  [["id", 1]]
  [1m[36mReview Load (0.2ms)[0m  [1mSELECT "reviews".* FROM "reviews"  WHERE "reviews"."movie_id" = ?[0m  [["movie_id", 1]]
  Rendered reviews/index.html.erb within layouts/application (36.7ms)
  Rendered layouts/_header.html.erb (0.1ms)
  Rendered layouts/_flashes.html.erb (0.1ms)
  Rendered layouts/_sidebar.html.erb (0.3ms)
  Rendered layouts/_footer.html.erb (0.1ms)
Completed 200 OK in 130ms (Views: 127.6ms | ActiveRecord: 0.3ms)


Started GET "/assets/trash.png" for 127.0.0.1 at 2016-04-12 20:24:30 -0400


Started GET "/" for 127.0.0.1 at 2016-04-12 20:29:50 -0400
Processing by MoviesController#index as HTML
  [1m[35mMovie Load (0.6ms)[0m  SELECT "movies".* FROM "movies"  WHERE (released_on <= '2016-04-13 00:29:50.353119')  ORDER BY released_on desc
  Rendered movies/index.html.erb within layouts/application (5.0ms)
  Rendered layouts/_header.html.erb (0.1ms)
  Rendered layouts/_flashes.html.erb (0.1ms)
  Rendered layouts/_sidebar.html.erb (0.2ms)
  Rendered layouts/_footer.html.erb (0.1ms)
Completed 200 OK in 90ms (Views: 88.7ms | ActiveRecord: 0.6ms)


Started GET "/assets/ironman.jpg" for 127.0.0.1 at 2016-04-12 20:29:50 -0400


Started GET "/assets/catwoman.jpg" for 127.0.0.1 at 2016-04-12 20:29:50 -0400


Started GET "/assets/batman.jpg" for 127.0.0.1 at 2016-04-12 20:29:50 -0400


Started GET "/assets/superman.jpg" for 127.0.0.1 at 2016-04-12 20:29:50 -0400


Started GET "/assets/spiderman.jpg" for 127.0.0.1 at 2016-04-12 20:29:50 -0400


Started GET "/movies/3" for 127.0.0.1 at 2016-04-12 20:30:30 -0400
Processing by MoviesController#show as HTML
  Parameters: {"id"=>"3"}
  [1m[36mMovie Load (0.2ms)[0m  [1mSELECT  "movies".* FROM "movies"  WHERE "movies"."id" = ? LIMIT 1[0m  [["id", 3]]
  [1m[35m (0.3ms)[0m  SELECT AVG("reviews"."stars") AS avg_id FROM "reviews"  WHERE "reviews"."movie_id" = ?  [["movie_id", 3]]
  [1m[36mReview Exists (0.1ms)[0m  [1mSELECT  1 AS one FROM "reviews"  WHERE "reviews"."movie_id" = ? LIMIT 1[0m  [["movie_id", 3]]
  Rendered movies/show.html.erb within layouts/application (2.9ms)
  Rendered layouts/_header.html.erb (0.1ms)
  Rendered layouts/_flashes.html.erb (0.1ms)
  Rendered layouts/_sidebar.html.erb (0.2ms)
  Rendered layouts/_footer.html.erb (0.1ms)
Completed 200 OK in 107ms (Views: 105.2ms | ActiveRecord: 0.5ms)


Started GET "/assets/spiderman.jpg" for 127.0.0.1 at 2016-04-12 20:30:30 -0400


Started GET "/movies" for 127.0.0.1 at 2016-04-12 20:30:46 -0400
Processing by MoviesController#index as HTML
  [1m[35mMovie Load (0.2ms)[0m  SELECT "movies".* FROM "movies"  WHERE (released_on <= '2016-04-13 00:30:46.174718')  ORDER BY released_on desc
  Rendered movies/index.html.erb within layouts/application (3.9ms)
  Rendered layouts/_header.html.erb (0.3ms)
  Rendered layouts/_flashes.html.erb (0.1ms)
  Rendered layouts/_sidebar.html.erb (0.2ms)
  Rendered layouts/_footer.html.erb (0.1ms)
Completed 200 OK in 85ms (Views: 84.4ms | ActiveRecord: 0.2ms)


Started GET "/assets/catwoman.jpg" for 127.0.0.1 at 2016-04-12 20:30:46 -0400


Started GET "/assets/spiderman.jpg" for 127.0.0.1 at 2016-04-12 20:30:46 -0400


Started GET "/assets/batman.jpg" for 127.0.0.1 at 2016-04-12 20:30:46 -0400


Started GET "/assets/superman.jpg" for 127.0.0.1 at 2016-04-12 20:30:46 -0400


Started GET "/assets/ironman.jpg" for 127.0.0.1 at 2016-04-12 20:30:46 -0400


Started GET "/movies" for 127.0.0.1 at 2016-04-12 20:31:58 -0400
Processing by MoviesController#index as HTML
  [1m[36mMovie Load (0.3ms)[0m  [1mSELECT "movies".* FROM "movies"  WHERE (released_on <= '2016-04-13 00:31:58.044569')  ORDER BY released_on desc[0m
  Rendered movies/index.html.erb within layouts/application (4.2ms)
  Rendered layouts/_header.html.erb (0.2ms)
  Rendered layouts/_flashes.html.erb (0.1ms)
  Rendered layouts/_sidebar.html.erb (0.3ms)
  Rendered layouts/_footer.html.erb (0.4ms)
Completed 200 OK in 82ms (Views: 81.2ms | ActiveRecord: 0.3ms)


Started GET "/assets/application.css?body=1" for 127.0.0.1 at 2016-04-12 20:31:58 -0400


Started GET "/assets/forms.css?body=1" for 127.0.0.1 at 2016-04-12 20:31:58 -0400


Started GET "/assets/jquery.js?body=1" for 127.0.0.1 at 2016-04-12 20:31:58 -0400


Started GET "/assets/layout.css?body=1" for 127.0.0.1 at 2016-04-12 20:31:58 -0400


Started GET "/assets/buttons.css?body=1" for 127.0.0.1 at 2016-04-12 20:31:58 -0400


Started GET "/assets/jquery_ujs.js?body=1" for 127.0.0.1 at 2016-04-12 20:31:58 -0400


Started GET "/assets/normalize.css?body=1" for 127.0.0.1 at 2016-04-12 20:31:58 -0400


Started GET "/assets/elements.css?body=1" for 127.0.0.1 at 2016-04-12 20:31:58 -0400


Started GET "/assets/movies.css?body=1" for 127.0.0.1 at 2016-04-12 20:31:58 -0400


Started GET "/assets/application.js?body=1" for 127.0.0.1 at 2016-04-12 20:31:58 -0400


Started GET "/assets/turbolinks.js?body=1" for 127.0.0.1 at 2016-04-12 20:31:58 -0400


Started GET "/assets/movies.js?body=1" for 127.0.0.1 at 2016-04-12 20:31:58 -0400


Started GET "/assets/reviews.js?body=1" for 127.0.0.1 at 2016-04-12 20:31:58 -0400


Started GET "/assets/ironman.jpg" for 127.0.0.1 at 2016-04-12 20:31:58 -0400


Started GET "/assets/superman.jpg" for 127.0.0.1 at 2016-04-12 20:31:58 -0400


Started GET "/assets/spiderman.jpg" for 127.0.0.1 at 2016-04-12 20:31:58 -0400


Started GET "/assets/background.jpg" for 127.0.0.1 at 2016-04-12 20:31:58 -0400


Started GET "/assets/batman.jpg" for 127.0.0.1 at 2016-04-12 20:31:58 -0400


Started GET "/assets/catwoman.jpg" for 127.0.0.1 at 2016-04-12 20:31:58 -0400


Started GET "/assets/logo.png" for 127.0.0.1 at 2016-04-12 20:31:58 -0400


Started GET "/assets/add.png" for 127.0.0.1 at 2016-04-12 20:31:58 -0400


Started GET "/assets/arrow.png" for 127.0.0.1 at 2016-04-12 20:31:58 -0400


Started GET "/movies" for 127.0.0.1 at 2016-04-12 20:32:31 -0400
Processing by MoviesController#index as HTML
  [1m[35mMovie Load (0.2ms)[0m  SELECT "movies".* FROM "movies"  WHERE (released_on <= '2016-04-13 00:32:31.997053')  ORDER BY released_on desc
  Rendered movies/index.html.erb within layouts/application (5.0ms)
  Rendered layouts/_header.html.erb (0.1ms)
  Rendered layouts/_flashes.html.erb (0.1ms)
  Rendered layouts/_sidebar.html.erb (0.2ms)
  Rendered layouts/_footer.html.erb (0.4ms)
Completed 200 OK in 83ms (Views: 81.9ms | ActiveRecord: 0.2ms)


Started GET "/assets/application.css?body=1" for 127.0.0.1 at 2016-04-12 20:32:32 -0400


Started GET "/assets/forms.css?body=1" for 127.0.0.1 at 2016-04-12 20:32:32 -0400


Started GET "/assets/jquery.js?body=1" for 127.0.0.1 at 2016-04-12 20:32:32 -0400


Started GET "/assets/elements.css?body=1" for 127.0.0.1 at 2016-04-12 20:32:32 -0400


Started GET "/assets/buttons.css?body=1" for 127.0.0.1 at 2016-04-12 20:32:32 -0400


Started GET "/assets/movies.css?body=1" for 127.0.0.1 at 2016-04-12 20:32:32 -0400


Started GET "/assets/layout.css?body=1" for 127.0.0.1 at 2016-04-12 20:32:32 -0400


Started GET "/assets/normalize.css?body=1" for 127.0.0.1 at 2016-04-12 20:32:32 -0400


Started GET "/assets/application.js?body=1" for 127.0.0.1 at 2016-04-12 20:32:32 -0400


Started GET "/assets/jquery_ujs.js?body=1" for 127.0.0.1 at 2016-04-12 20:32:32 -0400


Started GET "/assets/turbolinks.js?body=1" for 127.0.0.1 at 2016-04-12 20:32:32 -0400


Started GET "/assets/movies.js?body=1" for 127.0.0.1 at 2016-04-12 20:32:32 -0400


Started GET "/assets/reviews.js?body=1" for 127.0.0.1 at 2016-04-12 20:32:32 -0400


Started GET "/assets/catwoman.jpg" for 127.0.0.1 at 2016-04-12 20:32:32 -0400


Started GET "/assets/spiderman.jpg" for 127.0.0.1 at 2016-04-12 20:32:32 -0400


Started GET "/assets/logo.png" for 127.0.0.1 at 2016-04-12 20:32:32 -0400


Started GET "/assets/ironman.jpg" for 127.0.0.1 at 2016-04-12 20:32:32 -0400


Started GET "/assets/superman.jpg" for 127.0.0.1 at 2016-04-12 20:32:32 -0400


Started GET "/assets/background.jpg" for 127.0.0.1 at 2016-04-12 20:32:32 -0400


Started GET "/assets/batman.jpg" for 127.0.0.1 at 2016-04-12 20:32:32 -0400


Started GET "/assets/add.png" for 127.0.0.1 at 2016-04-12 20:32:32 -0400


Started GET "/assets/arrow.png" for 127.0.0.1 at 2016-04-12 20:32:32 -0400


Started GET "/movies/1" for 127.0.0.1 at 2016-04-12 20:36:38 -0400
Processing by MoviesController#show as HTML
  Parameters: {"id"=>"1"}
  [1m[36mMovie Load (0.1ms)[0m  [1mSELECT  "movies".* FROM "movies"  WHERE "movies"."id" = ? LIMIT 1[0m  [["id", 1]]
  [1m[35m (0.1ms)[0m  SELECT AVG("reviews"."stars") AS avg_id FROM "reviews"  WHERE "reviews"."movie_id" = ?  [["movie_id", 1]]
  [1m[36mCACHE (0.0ms)[0m  [1mSELECT AVG("reviews"."stars") AS avg_id FROM "reviews"  WHERE "reviews"."movie_id" = ?[0m  [["movie_id", 1]]
  [1m[35mReview Exists (0.1ms)[0m  SELECT  1 AS one FROM "reviews"  WHERE "reviews"."movie_id" = ? LIMIT 1  [["movie_id", 1]]
  [1m[36mReview Load (0.1ms)[0m  [1mSELECT  "reviews".* FROM "reviews"  WHERE "reviews"."movie_id" = ?  ORDER BY created_at desc LIMIT 2[0m  [["movie_id", 1]]
  [1m[35m (0.1ms)[0m  SELECT COUNT(*) FROM "reviews"  WHERE "reviews"."movie_id" = ?  [["movie_id", 1]]
  Rendered movies/show.html.erb within layouts/application (5.8ms)
  Rendered layouts/_header.html.erb (0.2ms)
  Rendered layouts/_flashes.html.erb (0.1ms)
  Rendered layouts/_sidebar.html.erb (0.2ms)
  Rendered layouts/_footer.html.erb (0.4ms)
Completed 200 OK in 86ms (Views: 84.3ms | ActiveRecord: 0.5ms)


Started GET "/assets/ironman.jpg" for 127.0.0.1 at 2016-04-12 20:36:39 -0400


Started GET "/movies" for 127.0.0.1 at 2016-04-12 20:38:00 -0400
Processing by MoviesController#index as HTML
  [1m[36mMovie Load (0.3ms)[0m  [1mSELECT "movies".* FROM "movies"  WHERE (released_on <= '2016-04-13 00:38:00.871113')  ORDER BY released_on desc[0m
  Rendered movies/index.html.erb within layouts/application (8.7ms)
Completed 500 Internal Server Error in 15ms

ActionView::Template::Error (undefined method `average_stars' for nil:NilClass):
    4:       <article class="movie">
    5:         <header>
    6:           <%= image_for(movie) %>
    7:           <h2><%= link_to movie.title, movie %> (<%= movie.released_on.year %>) - <%= format_average_stars(@movie) %>
    8:           </h2>
    9:           <h3><%= movie.cast %></h3>
   10:         </header>
  app/helpers/movies_helper.rb:23:in `format_average_stars'
  app/views/movies/index.html.erb:7:in `block in _app_views_movies_index_html_erb___3938461363550060961_70265102513600'
  app/views/movies/index.html.erb:2:in `_app_views_movies_index_html_erb___3938461363550060961_70265102513600'


  Rendered /Users/ruby_shenanigans/.rvm/gems/ruby-2.3.0/gems/actionpack-4.1.9/lib/action_dispatch/middleware/templates/rescues/_trace.html.erb (1.4ms)
  Rendered /Users/ruby_shenanigans/.rvm/gems/ruby-2.3.0/gems/actionpack-4.1.9/lib/action_dispatch/middleware/templates/rescues/_request_and_response.html.erb (1.0ms)
  Rendered /Users/ruby_shenanigans/.rvm/gems/ruby-2.3.0/gems/actionpack-4.1.9/lib/action_dispatch/middleware/templates/rescues/template_error.html.erb within rescues/layout (52.7ms)


Started GET "/movies" for 127.0.0.1 at 2016-04-12 20:38:00 -0400
Processing by MoviesController#index as HTML
  [1m[35mMovie Load (0.2ms)[0m  SELECT "movies".* FROM "movies"  WHERE (released_on <= '2016-04-13 00:38:00.987855')  ORDER BY released_on desc
  Rendered movies/index.html.erb within layouts/application (5.7ms)
Completed 500 Internal Server Error in 11ms

ActionView::Template::Error (undefined method `average_stars' for nil:NilClass):
    4:       <article class="movie">
    5:         <header>
    6:           <%= image_for(movie) %>
    7:           <h2><%= link_to movie.title, movie %> (<%= movie.released_on.year %>) - <%= format_average_stars(@movie) %>
    8:           </h2>
    9:           <h3><%= movie.cast %></h3>
   10:         </header>
  app/helpers/movies_helper.rb:23:in `format_average_stars'
  app/views/movies/index.html.erb:7:in `block in _app_views_movies_index_html_erb___3938461363550060961_70265101988960'
  app/views/movies/index.html.erb:2:in `_app_views_movies_index_html_erb___3938461363550060961_70265101988960'


  Rendered /Users/ruby_shenanigans/.rvm/gems/ruby-2.3.0/gems/actionpack-4.1.9/lib/action_dispatch/middleware/templates/rescues/_trace.html.erb (1.7ms)
  Rendered /Users/ruby_shenanigans/.rvm/gems/ruby-2.3.0/gems/actionpack-4.1.9/lib/action_dispatch/middleware/templates/rescues/_request_and_response.html.erb (1.6ms)
  Rendered /Users/ruby_shenanigans/.rvm/gems/ruby-2.3.0/gems/actionpack-4.1.9/lib/action_dispatch/middleware/templates/rescues/template_error.html.erb within rescues/layout (59.4ms)


Started GET "/movies" for 127.0.0.1 at 2016-04-12 20:39:56 -0400
Processing by MoviesController#index as HTML
  [1m[36mMovie Load (0.3ms)[0m  [1mSELECT "movies".* FROM "movies"  WHERE (released_on <= '2016-04-13 00:39:56.170289')  ORDER BY released_on desc[0m
  Rendered movies/index.html.erb within layouts/application (4.7ms)
  Rendered layouts/_header.html.erb (0.2ms)
  Rendered layouts/_flashes.html.erb (0.1ms)
  Rendered layouts/_sidebar.html.erb (0.2ms)
  Rendered layouts/_footer.html.erb (0.1ms)
Completed 200 OK in 82ms (Views: 80.8ms | ActiveRecord: 0.3ms)


Started GET "/assets/application.css?body=1" for 127.0.0.1 at 2016-04-12 20:39:56 -0400


Started GET "/assets/elements.css?body=1" for 127.0.0.1 at 2016-04-12 20:39:56 -0400


Started GET "/assets/normalize.css?body=1" for 127.0.0.1 at 2016-04-12 20:39:56 -0400


Started GET "/assets/forms.css?body=1" for 127.0.0.1 at 2016-04-12 20:39:56 -0400


Started GET "/assets/layout.css?body=1" for 127.0.0.1 at 2016-04-12 20:39:56 -0400


Started GET "/assets/jquery_ujs.js?body=1" for 127.0.0.1 at 2016-04-12 20:39:56 -0400


Started GET "/assets/movies.css?body=1" for 127.0.0.1 at 2016-04-12 20:39:56 -0400


Started GET "/assets/buttons.css?body=1" for 127.0.0.1 at 2016-04-12 20:39:56 -0400


Started GET "/assets/movies.js?body=1" for 127.0.0.1 at 2016-04-12 20:39:56 -0400


Started GET "/assets/jquery.js?body=1" for 127.0.0.1 at 2016-04-12 20:39:56 -0400


Started GET "/assets/turbolinks.js?body=1" for 127.0.0.1 at 2016-04-12 20:39:56 -0400


Started GET "/assets/reviews.js?body=1" for 127.0.0.1 at 2016-04-12 20:39:56 -0400


Started GET "/assets/application.js?body=1" for 127.0.0.1 at 2016-04-12 20:39:56 -0400


Started GET "/assets/ironman.jpg" for 127.0.0.1 at 2016-04-12 20:39:56 -0400


Started GET "/assets/logo.png" for 127.0.0.1 at 2016-04-12 20:39:56 -0400


Started GET "/assets/superman.jpg" for 127.0.0.1 at 2016-04-12 20:39:56 -0400


Started GET "/assets/background.jpg" for 127.0.0.1 at 2016-04-12 20:39:56 -0400


Started GET "/assets/spiderman.jpg" for 127.0.0.1 at 2016-04-12 20:39:56 -0400


Started GET "/assets/batman.jpg" for 127.0.0.1 at 2016-04-12 20:39:56 -0400


Started GET "/assets/arrow.png" for 127.0.0.1 at 2016-04-12 20:39:56 -0400


Started GET "/assets/catwoman.jpg" for 127.0.0.1 at 2016-04-12 20:39:56 -0400


Started GET "/assets/add.png" for 127.0.0.1 at 2016-04-12 20:39:56 -0400


Started GET "/movies/3" for 127.0.0.1 at 2016-04-13 12:09:42 -0400
Processing by MoviesController#show as HTML
  Parameters: {"id"=>"3"}
  [1m[35mMovie Load (0.1ms)[0m  SELECT  "movies".* FROM "movies"  WHERE "movies"."id" = ? LIMIT 1  [["id", 3]]
  [1m[36m (0.1ms)[0m  [1mSELECT AVG("reviews"."stars") AS avg_id FROM "reviews"  WHERE "reviews"."movie_id" = ?[0m  [["movie_id", 3]]
  [1m[35mReview Exists (0.1ms)[0m  SELECT  1 AS one FROM "reviews"  WHERE "reviews"."movie_id" = ? LIMIT 1  [["movie_id", 3]]
  Rendered movies/show.html.erb within layouts/application (2.9ms)
  Rendered layouts/_header.html.erb (0.4ms)
  Rendered layouts/_flashes.html.erb (0.1ms)
  Rendered layouts/_sidebar.html.erb (0.3ms)
  Rendered layouts/_footer.html.erb (0.0ms)
Completed 200 OK in 107ms (Views: 104.4ms | ActiveRecord: 0.3ms)


Started GET "/assets/spiderman.jpg" for 127.0.0.1 at 2016-04-13 12:09:42 -0400


Started GET "/movies" for 127.0.0.1 at 2016-04-13 12:11:57 -0400
Processing by MoviesController#index as HTML
  [1m[36mMovie Load (0.3ms)[0m  [1mSELECT "movies".* FROM "movies"  WHERE (released_on <= '2016-04-13 16:11:57.284247')  ORDER BY released_on desc[0m
  Rendered movies/index.html.erb within layouts/application (5.3ms)
  Rendered layouts/_header.html.erb (0.2ms)
  Rendered layouts/_flashes.html.erb (0.1ms)
  Rendered layouts/_sidebar.html.erb (0.2ms)
  Rendered layouts/_footer.html.erb (0.0ms)
Completed 200 OK in 87ms (Views: 85.9ms | ActiveRecord: 0.3ms)


Started GET "/assets/ironman.jpg" for 127.0.0.1 at 2016-04-13 12:11:57 -0400


Started GET "/assets/spiderman.jpg" for 127.0.0.1 at 2016-04-13 12:11:57 -0400


Started GET "/assets/catwoman.jpg" for 127.0.0.1 at 2016-04-13 12:11:57 -0400


Started GET "/assets/batman.jpg" for 127.0.0.1 at 2016-04-13 12:11:57 -0400


Started GET "/assets/superman.jpg" for 127.0.0.1 at 2016-04-13 12:11:57 -0400


Started GET "/movies" for 127.0.0.1 at 2016-04-20 08:14:26 -0700
  [1m[36mActiveRecord::SchemaMigration Load (23.6ms)[0m  [1mSELECT "schema_migrations".* FROM "schema_migrations"[0m
Processing by MoviesController#index as HTML
  [1m[35mMovie Load (11.5ms)[0m  SELECT "movies".* FROM "movies"  WHERE (released_on <= '2016-04-20 15:14:31.957752')  ORDER BY released_on desc
  Rendered movies/index.html.erb within layouts/application (371.0ms)
  Rendered layouts/_header.html.erb (0.9ms)
  Rendered layouts/_flashes.html.erb (0.6ms)
  Rendered layouts/_sidebar.html.erb (0.7ms)
  Rendered layouts/_footer.html.erb (0.5ms)
Completed 200 OK in 1584ms (Views: 1378.9ms | ActiveRecord: 12.0ms)


Started GET "/apple-touch-icon-precomposed.png" for 127.0.0.1 at 2016-04-20 08:14:33 -0700

ActionController::RoutingError (No route matches [GET] "/apple-touch-icon-precomposed.png"):
  actionpack (4.1.9) lib/action_dispatch/middleware/debug_exceptions.rb:21:in `call'
  actionpack (4.1.9) lib/action_dispatch/middleware/show_exceptions.rb:30:in `call'
  railties (4.1.9) lib/rails/rack/logger.rb:38:in `call_app'
  railties (4.1.9) lib/rails/rack/logger.rb:20:in `block in call'
  activesupport (4.1.9) lib/active_support/tagged_logging.rb:68:in `block in tagged'
  activesupport (4.1.9) lib/active_support/tagged_logging.rb:26:in `tagged'
  activesupport (4.1.9) lib/active_support/tagged_logging.rb:68:in `tagged'
  railties (4.1.9) lib/rails/rack/logger.rb:20:in `call'
  actionpack (4.1.9) lib/action_dispatch/middleware/request_id.rb:21:in `call'
  rack (1.5.5) lib/rack/methodoverride.rb:21:in `call'
  rack (1.5.5) lib/rack/runtime.rb:17:in `call'
  activesupport (4.1.9) lib/active_support/cache/strategy/local_cache_middleware.rb:26:in `call'
  rack (1.5.5) lib/rack/lock.rb:17:in `call'
  actionpack (4.1.9) lib/action_dispatch/middleware/static.rb:84:in `call'
  rack (1.5.5) lib/rack/sendfile.rb:112:in `call'
  railties (4.1.9) lib/rails/engine.rb:514:in `call'
  railties (4.1.9) lib/rails/application.rb:144:in `call'
  rack (1.5.5) lib/rack/lock.rb:17:in `call'
  rack (1.5.5) lib/rack/content_length.rb:14:in `call'
  rack (1.5.5) lib/rack/handler/webrick.rb:60:in `service'
  /Users/ruby_shenanigans/.rvm/rubies/ruby-2.3.0/lib/ruby/2.3.0/webrick/httpserver.rb:140:in `service'
  /Users/ruby_shenanigans/.rvm/rubies/ruby-2.3.0/lib/ruby/2.3.0/webrick/httpserver.rb:96:in `run'
  /Users/ruby_shenanigans/.rvm/rubies/ruby-2.3.0/lib/ruby/2.3.0/webrick/server.rb:296:in `block in start_thread'


  Rendered /Users/ruby_shenanigans/.rvm/gems/ruby-2.3.0/gems/actionpack-4.1.9/lib/action_dispatch/middleware/templates/rescues/_trace.html.erb (1.3ms)
  Rendered /Users/ruby_shenanigans/.rvm/gems/ruby-2.3.0/gems/actionpack-4.1.9/lib/action_dispatch/middleware/templates/routes/_route.html.erb (3.6ms)
  Rendered /Users/ruby_shenanigans/.rvm/gems/ruby-2.3.0/gems/actionpack-4.1.9/lib/action_dispatch/middleware/templates/routes/_table.html.erb (85.6ms)
  Rendered /Users/ruby_shenanigans/.rvm/gems/ruby-2.3.0/gems/actionpack-4.1.9/lib/action_dispatch/middleware/templates/rescues/routing_error.html.erb within rescues/layout (241.1ms)


Started GET "/apple-touch-icon.png" for 127.0.0.1 at 2016-04-20 08:14:34 -0700

ActionController::RoutingError (No route matches [GET] "/apple-touch-icon.png"):
  actionpack (4.1.9) lib/action_dispatch/middleware/debug_exceptions.rb:21:in `call'
  actionpack (4.1.9) lib/action_dispatch/middleware/show_exceptions.rb:30:in `call'
  railties (4.1.9) lib/rails/rack/logger.rb:38:in `call_app'
  railties (4.1.9) lib/rails/rack/logger.rb:20:in `block in call'
  activesupport (4.1.9) lib/active_support/tagged_logging.rb:68:in `block in tagged'
  activesupport (4.1.9) lib/active_support/tagged_logging.rb:26:in `tagged'
  activesupport (4.1.9) lib/active_support/tagged_logging.rb:68:in `tagged'
  railties (4.1.9) lib/rails/rack/logger.rb:20:in `call'
  actionpack (4.1.9) lib/action_dispatch/middleware/request_id.rb:21:in `call'
  rack (1.5.5) lib/rack/methodoverride.rb:21:in `call'
  rack (1.5.5) lib/rack/runtime.rb:17:in `call'
  activesupport (4.1.9) lib/active_support/cache/strategy/local_cache_middleware.rb:26:in `call'
  rack (1.5.5) lib/rack/lock.rb:17:in `call'
  actionpack (4.1.9) lib/action_dispatch/middleware/static.rb:84:in `call'
  rack (1.5.5) lib/rack/sendfile.rb:112:in `call'
  railties (4.1.9) lib/rails/engine.rb:514:in `call'
  railties (4.1.9) lib/rails/application.rb:144:in `call'
  rack (1.5.5) lib/rack/lock.rb:17:in `call'
  rack (1.5.5) lib/rack/content_length.rb:14:in `call'
  rack (1.5.5) lib/rack/handler/webrick.rb:60:in `service'
  /Users/ruby_shenanigans/.rvm/rubies/ruby-2.3.0/lib/ruby/2.3.0/webrick/httpserver.rb:140:in `service'
  /Users/ruby_shenanigans/.rvm/rubies/ruby-2.3.0/lib/ruby/2.3.0/webrick/httpserver.rb:96:in `run'
  /Users/ruby_shenanigans/.rvm/rubies/ruby-2.3.0/lib/ruby/2.3.0/webrick/server.rb:296:in `block in start_thread'


  Rendered /Users/ruby_shenanigans/.rvm/gems/ruby-2.3.0/gems/actionpack-4.1.9/lib/action_dispatch/middleware/templates/rescues/_trace.html.erb (1.4ms)
  Rendered /Users/ruby_shenanigans/.rvm/gems/ruby-2.3.0/gems/actionpack-4.1.9/lib/action_dispatch/middleware/templates/routes/_route.html.erb (2.3ms)
  Rendered /Users/ruby_shenanigans/.rvm/gems/ruby-2.3.0/gems/actionpack-4.1.9/lib/action_dispatch/middleware/templates/routes/_table.html.erb (1.5ms)
  Rendered /Users/ruby_shenanigans/.rvm/gems/ruby-2.3.0/gems/actionpack-4.1.9/lib/action_dispatch/middleware/templates/rescues/routing_error.html.erb within rescues/layout (86.9ms)


Started GET "/movies" for 127.0.0.1 at 2016-04-20 08:14:34 -0700
Processing by MoviesController#index as HTML
  [1m[36mMovie Load (0.3ms)[0m  [1mSELECT "movies".* FROM "movies"  WHERE (released_on <= '2016-04-20 15:14:34.212702')  ORDER BY released_on desc[0m
  Rendered movies/index.html.erb within layouts/application (5.3ms)
  Rendered layouts/_header.html.erb (0.2ms)
  Rendered layouts/_flashes.html.erb (0.1ms)
  Rendered layouts/_sidebar.html.erb (0.2ms)
  Rendered layouts/_footer.html.erb (0.0ms)
Completed 200 OK in 1061ms (Views: 1059.6ms | ActiveRecord: 0.3ms)


Started GET "/apple-touch-icon-precomposed.png" for 127.0.0.1 at 2016-04-20 08:14:35 -0700

ActionController::RoutingError (No route matches [GET] "/apple-touch-icon-precomposed.png"):
  actionpack (4.1.9) lib/action_dispatch/middleware/debug_exceptions.rb:21:in `call'
  actionpack (4.1.9) lib/action_dispatch/middleware/show_exceptions.rb:30:in `call'
  railties (4.1.9) lib/rails/rack/logger.rb:38:in `call_app'
  railties (4.1.9) lib/rails/rack/logger.rb:20:in `block in call'
  activesupport (4.1.9) lib/active_support/tagged_logging.rb:68:in `block in tagged'
  activesupport (4.1.9) lib/active_support/tagged_logging.rb:26:in `tagged'
  activesupport (4.1.9) lib/active_support/tagged_logging.rb:68:in `tagged'
  railties (4.1.9) lib/rails/rack/logger.rb:20:in `call'
  actionpack (4.1.9) lib/action_dispatch/middleware/request_id.rb:21:in `call'
  rack (1.5.5) lib/rack/methodoverride.rb:21:in `call'
  rack (1.5.5) lib/rack/runtime.rb:17:in `call'
  activesupport (4.1.9) lib/active_support/cache/strategy/local_cache_middleware.rb:26:in `call'
  rack (1.5.5) lib/rack/lock.rb:17:in `call'
  actionpack (4.1.9) lib/action_dispatch/middleware/static.rb:84:in `call'
  rack (1.5.5) lib/rack/sendfile.rb:112:in `call'
  railties (4.1.9) lib/rails/engine.rb:514:in `call'
  railties (4.1.9) lib/rails/application.rb:144:in `call'
  rack (1.5.5) lib/rack/lock.rb:17:in `call'
  rack (1.5.5) lib/rack/content_length.rb:14:in `call'
  rack (1.5.5) lib/rack/handler/webrick.rb:60:in `service'
  /Users/ruby_shenanigans/.rvm/rubies/ruby-2.3.0/lib/ruby/2.3.0/webrick/httpserver.rb:140:in `service'
  /Users/ruby_shenanigans/.rvm/rubies/ruby-2.3.0/lib/ruby/2.3.0/webrick/httpserver.rb:96:in `run'
  /Users/ruby_shenanigans/.rvm/rubies/ruby-2.3.0/lib/ruby/2.3.0/webrick/server.rb:296:in `block in start_thread'


  Rendered /Users/ruby_shenanigans/.rvm/gems/ruby-2.3.0/gems/actionpack-4.1.9/lib/action_dispatch/middleware/templates/rescues/_trace.html.erb (1.4ms)
  Rendered /Users/ruby_shenanigans/.rvm/gems/ruby-2.3.0/gems/actionpack-4.1.9/lib/action_dispatch/middleware/templates/routes/_route.html.erb (2.5ms)
  Rendered /Users/ruby_shenanigans/.rvm/gems/ruby-2.3.0/gems/actionpack-4.1.9/lib/action_dispatch/middleware/templates/routes/_table.html.erb (1.6ms)
  Rendered /Users/ruby_shenanigans/.rvm/gems/ruby-2.3.0/gems/actionpack-4.1.9/lib/action_dispatch/middleware/templates/rescues/routing_error.html.erb within rescues/layout (91.6ms)


Started GET "/apple-touch-icon.png" for 127.0.0.1 at 2016-04-20 08:14:35 -0700

ActionController::RoutingError (No route matches [GET] "/apple-touch-icon.png"):
  actionpack (4.1.9) lib/action_dispatch/middleware/debug_exceptions.rb:21:in `call'
  actionpack (4.1.9) lib/action_dispatch/middleware/show_exceptions.rb:30:in `call'
  railties (4.1.9) lib/rails/rack/logger.rb:38:in `call_app'
  railties (4.1.9) lib/rails/rack/logger.rb:20:in `block in call'
  activesupport (4.1.9) lib/active_support/tagged_logging.rb:68:in `block in tagged'
  activesupport (4.1.9) lib/active_support/tagged_logging.rb:26:in `tagged'
  activesupport (4.1.9) lib/active_support/tagged_logging.rb:68:in `tagged'
  railties (4.1.9) lib/rails/rack/logger.rb:20:in `call'
  actionpack (4.1.9) lib/action_dispatch/middleware/request_id.rb:21:in `call'
  rack (1.5.5) lib/rack/methodoverride.rb:21:in `call'
  rack (1.5.5) lib/rack/runtime.rb:17:in `call'
  activesupport (4.1.9) lib/active_support/cache/strategy/local_cache_middleware.rb:26:in `call'
  rack (1.5.5) lib/rack/lock.rb:17:in `call'
  actionpack (4.1.9) lib/action_dispatch/middleware/static.rb:84:in `call'
  rack (1.5.5) lib/rack/sendfile.rb:112:in `call'
  railties (4.1.9) lib/rails/engine.rb:514:in `call'
  railties (4.1.9) lib/rails/application.rb:144:in `call'
  rack (1.5.5) lib/rack/lock.rb:17:in `call'
  rack (1.5.5) lib/rack/content_length.rb:14:in `call'
  rack (1.5.5) lib/rack/handler/webrick.rb:60:in `service'
  /Users/ruby_shenanigans/.rvm/rubies/ruby-2.3.0/lib/ruby/2.3.0/webrick/httpserver.rb:140:in `service'
  /Users/ruby_shenanigans/.rvm/rubies/ruby-2.3.0/lib/ruby/2.3.0/webrick/httpserver.rb:96:in `run'
  /Users/ruby_shenanigans/.rvm/rubies/ruby-2.3.0/lib/ruby/2.3.0/webrick/server.rb:296:in `block in start_thread'


  Rendered /Users/ruby_shenanigans/.rvm/gems/ruby-2.3.0/gems/actionpack-4.1.9/lib/action_dispatch/middleware/templates/rescues/_trace.html.erb (1.5ms)
  Rendered /Users/ruby_shenanigans/.rvm/gems/ruby-2.3.0/gems/actionpack-4.1.9/lib/action_dispatch/middleware/templates/routes/_route.html.erb (2.4ms)
  Rendered /Users/ruby_shenanigans/.rvm/gems/ruby-2.3.0/gems/actionpack-4.1.9/lib/action_dispatch/middleware/templates/routes/_table.html.erb (1.8ms)
  Rendered /Users/ruby_shenanigans/.rvm/gems/ruby-2.3.0/gems/actionpack-4.1.9/lib/action_dispatch/middleware/templates/rescues/routing_error.html.erb within rescues/layout (89.5ms)


Started GET "/" for 127.0.0.1 at 2016-04-20 08:14:52 -0700
Processing by MoviesController#index as HTML
  [1m[35mMovie Load (0.3ms)[0m  SELECT "movies".* FROM "movies"  WHERE (released_on <= '2016-04-20 15:14:52.475736')  ORDER BY released_on desc
  Rendered movies/index.html.erb within layouts/application (4.1ms)
  Rendered layouts/_header.html.erb (0.3ms)
  Rendered layouts/_flashes.html.erb (0.1ms)
  Rendered layouts/_sidebar.html.erb (0.2ms)
  Rendered layouts/_footer.html.erb (0.0ms)
Completed 200 OK in 155ms (Views: 154.2ms | ActiveRecord: 0.3ms)


Started GET "/assets/elements.css?body=1" for 127.0.0.1 at 2016-04-20 08:14:52 -0700


Started GET "/assets/jquery.js?body=1" for 127.0.0.1 at 2016-04-20 08:14:52 -0700


Started GET "/assets/normalize.css?body=1" for 127.0.0.1 at 2016-04-20 08:14:52 -0700


Started GET "/assets/application.css?body=1" for 127.0.0.1 at 2016-04-20 08:14:52 -0700


Started GET "/assets/movies.css?body=1" for 127.0.0.1 at 2016-04-20 08:14:52 -0700


Started GET "/assets/buttons.css?body=1" for 127.0.0.1 at 2016-04-20 08:14:52 -0700


Started GET "/assets/movies.js?body=1" for 127.0.0.1 at 2016-04-20 08:14:52 -0700


Started GET "/assets/layout.css?body=1" for 127.0.0.1 at 2016-04-20 08:14:52 -0700


Started GET "/assets/forms.css?body=1" for 127.0.0.1 at 2016-04-20 08:14:52 -0700


Started GET "/assets/jquery_ujs.js?body=1" for 127.0.0.1 at 2016-04-20 08:14:52 -0700


Started GET "/assets/turbolinks.js?body=1" for 127.0.0.1 at 2016-04-20 08:14:52 -0700


Started GET "/assets/reviews.js?body=1" for 127.0.0.1 at 2016-04-20 08:14:52 -0700


Started GET "/assets/application.js?body=1" for 127.0.0.1 at 2016-04-20 08:14:52 -0700


Started GET "/assets/superman.jpg" for 127.0.0.1 at 2016-04-20 08:14:52 -0700


Started GET "/assets/catwoman.jpg" for 127.0.0.1 at 2016-04-20 08:14:53 -0700


Started GET "/assets/batman.jpg" for 127.0.0.1 at 2016-04-20 08:14:53 -0700


Started GET "/assets/ironman.jpg" for 127.0.0.1 at 2016-04-20 08:14:53 -0700


Started GET "/assets/background.jpg" for 127.0.0.1 at 2016-04-20 08:14:53 -0700


Started GET "/assets/spiderman.jpg" for 127.0.0.1 at 2016-04-20 08:14:53 -0700


Started GET "/assets/logo.png" for 127.0.0.1 at 2016-04-20 08:14:53 -0700


Started GET "/assets/add.png" for 127.0.0.1 at 2016-04-20 08:14:53 -0700


Started GET "/assets/arrow.png" for 127.0.0.1 at 2016-04-20 08:14:53 -0700


Started GET "/apple-touch-icon-precomposed.png" for 127.0.0.1 at 2016-04-20 08:14:54 -0700

ActionController::RoutingError (No route matches [GET] "/apple-touch-icon-precomposed.png"):
  actionpack (4.1.9) lib/action_dispatch/middleware/debug_exceptions.rb:21:in `call'
  actionpack (4.1.9) lib/action_dispatch/middleware/show_exceptions.rb:30:in `call'
  railties (4.1.9) lib/rails/rack/logger.rb:38:in `call_app'
  railties (4.1.9) lib/rails/rack/logger.rb:20:in `block in call'
  activesupport (4.1.9) lib/active_support/tagged_logging.rb:68:in `block in tagged'
  activesupport (4.1.9) lib/active_support/tagged_logging.rb:26:in `tagged'
  activesupport (4.1.9) lib/active_support/tagged_logging.rb:68:in `tagged'
  railties (4.1.9) lib/rails/rack/logger.rb:20:in `call'
  actionpack (4.1.9) lib/action_dispatch/middleware/request_id.rb:21:in `call'
  rack (1.5.5) lib/rack/methodoverride.rb:21:in `call'
  rack (1.5.5) lib/rack/runtime.rb:17:in `call'
  activesupport (4.1.9) lib/active_support/cache/strategy/local_cache_middleware.rb:26:in `call'
  rack (1.5.5) lib/rack/lock.rb:17:in `call'
  actionpack (4.1.9) lib/action_dispatch/middleware/static.rb:84:in `call'
  rack (1.5.5) lib/rack/sendfile.rb:112:in `call'
  railties (4.1.9) lib/rails/engine.rb:514:in `call'
  railties (4.1.9) lib/rails/application.rb:144:in `call'
  rack (1.5.5) lib/rack/lock.rb:17:in `call'
  rack (1.5.5) lib/rack/content_length.rb:14:in `call'
  rack (1.5.5) lib/rack/handler/webrick.rb:60:in `service'
  /Users/ruby_shenanigans/.rvm/rubies/ruby-2.3.0/lib/ruby/2.3.0/webrick/httpserver.rb:140:in `service'
  /Users/ruby_shenanigans/.rvm/rubies/ruby-2.3.0/lib/ruby/2.3.0/webrick/httpserver.rb:96:in `run'
  /Users/ruby_shenanigans/.rvm/rubies/ruby-2.3.0/lib/ruby/2.3.0/webrick/server.rb:296:in `block in start_thread'


  Rendered /Users/ruby_shenanigans/.rvm/gems/ruby-2.3.0/gems/actionpack-4.1.9/lib/action_dispatch/middleware/templates/rescues/_trace.html.erb (1.6ms)
  Rendered /Users/ruby_shenanigans/.rvm/gems/ruby-2.3.0/gems/actionpack-4.1.9/lib/action_dispatch/middleware/templates/routes/_route.html.erb (2.6ms)
  Rendered /Users/ruby_shenanigans/.rvm/gems/ruby-2.3.0/gems/actionpack-4.1.9/lib/action_dispatch/middleware/templates/routes/_table.html.erb (1.4ms)
  Rendered /Users/ruby_shenanigans/.rvm/gems/ruby-2.3.0/gems/actionpack-4.1.9/lib/action_dispatch/middleware/templates/rescues/routing_error.html.erb within rescues/layout (96.5ms)


Started GET "/apple-touch-icon.png" for 127.0.0.1 at 2016-04-20 08:14:54 -0700

ActionController::RoutingError (No route matches [GET] "/apple-touch-icon.png"):
  actionpack (4.1.9) lib/action_dispatch/middleware/debug_exceptions.rb:21:in `call'
  actionpack (4.1.9) lib/action_dispatch/middleware/show_exceptions.rb:30:in `call'
  railties (4.1.9) lib/rails/rack/logger.rb:38:in `call_app'
  railties (4.1.9) lib/rails/rack/logger.rb:20:in `block in call'
  activesupport (4.1.9) lib/active_support/tagged_logging.rb:68:in `block in tagged'
  activesupport (4.1.9) lib/active_support/tagged_logging.rb:26:in `tagged'
  activesupport (4.1.9) lib/active_support/tagged_logging.rb:68:in `tagged'
  railties (4.1.9) lib/rails/rack/logger.rb:20:in `call'
  actionpack (4.1.9) lib/action_dispatch/middleware/request_id.rb:21:in `call'
  rack (1.5.5) lib/rack/methodoverride.rb:21:in `call'
  rack (1.5.5) lib/rack/runtime.rb:17:in `call'
  activesupport (4.1.9) lib/active_support/cache/strategy/local_cache_middleware.rb:26:in `call'
  rack (1.5.5) lib/rack/lock.rb:17:in `call'
  actionpack (4.1.9) lib/action_dispatch/middleware/static.rb:84:in `call'
  rack (1.5.5) lib/rack/sendfile.rb:112:in `call'
  railties (4.1.9) lib/rails/engine.rb:514:in `call'
  railties (4.1.9) lib/rails/application.rb:144:in `call'
  rack (1.5.5) lib/rack/lock.rb:17:in `call'
  rack (1.5.5) lib/rack/content_length.rb:14:in `call'
  rack (1.5.5) lib/rack/handler/webrick.rb:60:in `service'
  /Users/ruby_shenanigans/.rvm/rubies/ruby-2.3.0/lib/ruby/2.3.0/webrick/httpserver.rb:140:in `service'
  /Users/ruby_shenanigans/.rvm/rubies/ruby-2.3.0/lib/ruby/2.3.0/webrick/httpserver.rb:96:in `run'
  /Users/ruby_shenanigans/.rvm/rubies/ruby-2.3.0/lib/ruby/2.3.0/webrick/server.rb:296:in `block in start_thread'


  Rendered /Users/ruby_shenanigans/.rvm/gems/ruby-2.3.0/gems/actionpack-4.1.9/lib/action_dispatch/middleware/templates/rescues/_trace.html.erb (1.8ms)
  Rendered /Users/ruby_shenanigans/.rvm/gems/ruby-2.3.0/gems/actionpack-4.1.9/lib/action_dispatch/middleware/templates/routes/_route.html.erb (3.3ms)
  Rendered /Users/ruby_shenanigans/.rvm/gems/ruby-2.3.0/gems/actionpack-4.1.9/lib/action_dispatch/middleware/templates/routes/_table.html.erb (1.5ms)
  Rendered /Users/ruby_shenanigans/.rvm/gems/ruby-2.3.0/gems/actionpack-4.1.9/lib/action_dispatch/middleware/templates/rescues/routing_error.html.erb within rescues/layout (100.9ms)


Started GET "/movies/3" for 127.0.0.1 at 2016-04-20 08:15:00 -0700
Processing by MoviesController#show as HTML
  Parameters: {"id"=>"3"}
  [1m[36mMovie Load (0.2ms)[0m  [1mSELECT  "movies".* FROM "movies"  WHERE "movies"."id" = ? LIMIT 1[0m  [["id", 3]]
  [1m[35m (10.2ms)[0m  SELECT AVG("reviews"."stars") AS avg_id FROM "reviews"  WHERE "reviews"."movie_id" = ?  [["movie_id", 3]]
  [1m[36mReview Exists (0.2ms)[0m  [1mSELECT  1 AS one FROM "reviews"  WHERE "reviews"."movie_id" = ? LIMIT 1[0m  [["movie_id", 3]]
  Rendered movies/show.html.erb within layouts/application (97.6ms)
  Rendered layouts/_header.html.erb (0.9ms)
  Rendered layouts/_flashes.html.erb (0.6ms)
  Rendered layouts/_sidebar.html.erb (0.7ms)
  Rendered layouts/_footer.html.erb (0.3ms)
Completed 200 OK in 205ms (Views: 192.0ms | ActiveRecord: 11.0ms)


Started GET "/assets/spiderman.jpg" for 127.0.0.1 at 2016-04-20 08:15:00 -0700


Started GET "/movies/3" for 127.0.0.1 at 2016-04-21 12:45:14 -0700
  [1m[36mActiveRecord::SchemaMigration Load (8.3ms)[0m  [1mSELECT "schema_migrations".* FROM "schema_migrations"[0m
Processing by MoviesController#show as HTML
  Parameters: {"id"=>"3"}
  [1m[35mMovie Load (0.4ms)[0m  SELECT  "movies".* FROM "movies"  WHERE "movies"."id" = ? LIMIT 1  [["id", 3]]
  [1m[36m (15.9ms)[0m  [1mSELECT AVG("reviews"."stars") AS avg_id FROM "reviews"  WHERE "reviews"."movie_id" = ?[0m  [["movie_id", 3]]
  [1m[35mReview Exists (0.2ms)[0m  SELECT  1 AS one FROM "reviews"  WHERE "reviews"."movie_id" = ? LIMIT 1  [["movie_id", 3]]
  Rendered movies/show.html.erb within layouts/application (164.5ms)
  Rendered layouts/_header.html.erb (0.7ms)
  Rendered layouts/_flashes.html.erb (0.5ms)
  Rendered layouts/_sidebar.html.erb (0.8ms)
  Rendered layouts/_footer.html.erb (0.3ms)
Completed 200 OK in 489ms (Views: 426.9ms | ActiveRecord: 17.2ms)


Started GET "/assets/application.css?body=1" for 127.0.0.1 at 2016-04-21 12:45:15 -0700


Started GET "/assets/normalize.css?body=1" for 127.0.0.1 at 2016-04-21 12:45:15 -0700


Started GET "/assets/elements.css?body=1" for 127.0.0.1 at 2016-04-21 12:45:15 -0700


Started GET "/assets/movies.css?body=1" for 127.0.0.1 at 2016-04-21 12:45:15 -0700


Started GET "/assets/movies.js?body=1" for 127.0.0.1 at 2016-04-21 12:45:15 -0700


Started GET "/assets/buttons.css?body=1" for 127.0.0.1 at 2016-04-21 12:45:15 -0700


Started GET "/assets/layout.css?body=1" for 127.0.0.1 at 2016-04-21 12:45:15 -0700


Started GET "/assets/jquery_ujs.js?body=1" for 127.0.0.1 at 2016-04-21 12:45:15 -0700


Started GET "/assets/application.js?body=1" for 127.0.0.1 at 2016-04-21 12:45:15 -0700


Started GET "/assets/turbolinks.js?body=1" for 127.0.0.1 at 2016-04-21 12:45:15 -0700


Started GET "/assets/forms.css?body=1" for 127.0.0.1 at 2016-04-21 12:45:15 -0700


Started GET "/assets/reviews.js?body=1" for 127.0.0.1 at 2016-04-21 12:45:15 -0700


Started GET "/assets/jquery.js?body=1" for 127.0.0.1 at 2016-04-21 12:45:15 -0700


Started GET "/assets/background.jpg" for 127.0.0.1 at 2016-04-21 12:45:15 -0700


Started GET "/assets/logo.png" for 127.0.0.1 at 2016-04-21 12:45:15 -0700


Started GET "/assets/add.png" for 127.0.0.1 at 2016-04-21 12:45:15 -0700


Started GET "/assets/arrow.png" for 127.0.0.1 at 2016-04-21 12:45:15 -0700


Started GET "/assets/spiderman.jpg" for 127.0.0.1 at 2016-04-21 12:45:15 -0700


Started GET "/" for 127.0.0.1 at 2016-04-21 12:45:23 -0700
Processing by MoviesController#index as HTML
  [1m[36mMovie Load (0.3ms)[0m  [1mSELECT "movies".* FROM "movies"  WHERE (released_on <= '2016-04-21 19:45:23.518079')  ORDER BY released_on desc[0m
  Rendered movies/index.html.erb within layouts/application (10.8ms)
  Rendered layouts/_header.html.erb (0.5ms)
  Rendered layouts/_flashes.html.erb (0.6ms)
  Rendered layouts/_sidebar.html.erb (0.5ms)
  Rendered layouts/_footer.html.erb (0.3ms)
Completed 200 OK in 99ms (Views: 97.4ms | ActiveRecord: 0.3ms)


Started GET "/assets/ironman.jpg" for 127.0.0.1 at 2016-04-21 12:45:23 -0700


Started GET "/assets/catwoman.jpg" for 127.0.0.1 at 2016-04-21 12:45:23 -0700


Started GET "/assets/spiderman.jpg" for 127.0.0.1 at 2016-04-21 12:45:23 -0700


Started GET "/assets/batman.jpg" for 127.0.0.1 at 2016-04-21 12:45:23 -0700
